<?xml version="1.0" encoding="UTF-8"?>
<coverage generated="1716338880522" clover="3.2.0">
  <project timestamp="1716338880522" name="All files">
    <metrics statements="38" coveredstatements="36" conditionals="21" coveredconditionals="20" methods="3" coveredmethods="3" elements="62" coveredelements="59" complexity="0" loc="38" ncloc="38" packages="1" files="1" classes="1"/>
    <file name="billModel.ts" path="C:\Users\User\Desktop\conta-de-energia\energy-bill-backend\src\models\billModel.ts">
      <metrics statements="38" coveredstatements="36" conditionals="21" coveredconditionals="20" methods="3" coveredmethods="3"/>
      <line num="1" count="2" type="stmt"/>
      <line num="2" count="2" type="stmt"/>
      <line num="17" count="2" type="stmt"/>
      <line num="18" count="2" type="stmt"/>
      <line num="19" count="2" type="stmt"/>
      <line num="20" count="2" type="stmt"/>
      <line num="22" count="2" type="stmt"/>
      <line num="23" count="4" type="stmt"/>
      <line num="24" count="4" type="stmt"/>
      <line num="25" count="8" type="cond" truecount="1" falsecount="0"/>
      <line num="26" count="4" type="stmt"/>
      <line num="27" count="4" type="cond" truecount="1" falsecount="0"/>
      <line num="28" count="4" type="stmt"/>
      <line num="29" count="4" type="stmt"/>
      <line num="33" count="0" type="stmt"/>
      <line num="36" count="2" type="stmt"/>
      <line num="37" count="2" type="stmt"/>
      <line num="39" count="2" type="stmt"/>
      <line num="40" count="2" type="stmt"/>
      <line num="41" count="2" type="stmt"/>
      <line num="43" count="2" type="stmt"/>
      <line num="44" count="14" type="stmt"/>
      <line num="45" count="14" type="cond" truecount="2" falsecount="0"/>
      <line num="48" count="2" type="stmt"/>
      <line num="49" count="2" type="stmt"/>
      <line num="50" count="2" type="stmt"/>
      <line num="52" count="2" type="stmt"/>
      <line num="53" count="2" type="stmt"/>
      <line num="54" count="2" type="stmt"/>
      <line num="55" count="2" type="stmt"/>
      <line num="57" count="2" type="stmt"/>
      <line num="58" count="2" type="stmt"/>
      <line num="59" count="2" type="stmt"/>
      <line num="60" count="2" type="stmt"/>
      <line num="62" count="2" type="cond" truecount="2" falsecount="1"/>
      <line num="63" count="0" type="stmt"/>
      <line num="66" count="2" type="stmt"/>
      <line num="80" count="2" type="stmt"/>
    </file>
  </project>
</coverage>
