{"C:\\Users\\User\\Desktop\\conta-de-energia\\energy-bill-backend\\src\\models\\billModel.ts": {"path":"C:\\Users\\User\\Desktop\\conta-de-energia\\energy-bill-backend\\src\\models\\billModel.ts","statementMap":{"0":{"start":{"line":1,"column":0},"end":{"line":1,"column":20}},"1":{"start":{"line":2,"column":0},"end":{"line":2,"column":33}},"2":{"start":{"line":17,"column":27},"end":{"line":78,"column":1}},"3":{"start":{"line":18,"column":23},"end":{"line":18,"column":48}},"4":{"start":{"line":19,"column":17},"end":{"line":19,"column":43}},"5":{"start":{"line":20,"column":17},"end":{"line":20,"column":26}},"6":{"start":{"line":22,"column":29},"end":{"line":34,"column":5}},"7":{"start":{"line":23,"column":22},"end":{"line":23,"column":38}},"8":{"start":{"line":24,"column":8},"end":{"line":32,"column":9}},"9":{"start":{"line":24,"column":21},"end":{"line":24,"column":22}},"10":{"start":{"line":25,"column":12},"end":{"line":31,"column":13}},"11":{"start":{"line":26,"column":34},"end":{"line":26,"column":46}},"12":{"start":{"line":27,"column":16},"end":{"line":30,"column":17}},"13":{"start":{"line":28,"column":39},"end":{"line":28,"column":71}},"14":{"start":{"line":29,"column":20},"end":{"line":29,"column":38}},"15":{"start":{"line":33,"column":8},"end":{"line":33,"column":20}},"16":{"start":{"line":36,"column":25},"end":{"line":36,"column":64}},"17":{"start":{"line":37,"column":27},"end":{"line":37,"column":64}},"18":{"start":{"line":39,"column":37},"end":{"line":39,"column":81}},"19":{"start":{"line":40,"column":34},"end":{"line":40,"column":83}},"20":{"start":{"line":41,"column":40},"end":{"line":41,"column":96}},"21":{"start":{"line":43,"column":25},"end":{"line":46,"column":5}},"22":{"start":{"line":44,"column":22},"end":{"line":44,"column":38}},"23":{"start":{"line":45,"column":8},"end":{"line":45,"column":46}},"24":{"start":{"line":48,"column":32},"end":{"line":48,"column":76}},"25":{"start":{"line":49,"column":29},"end":{"line":49,"column":70}},"26":{"start":{"line":50,"column":35},"end":{"line":50,"column":82}},"27":{"start":{"line":52,"column":40},"end":{"line":52,"column":75}},"28":{"start":{"line":53,"column":37},"end":{"line":53,"column":77}},"29":{"start":{"line":54,"column":43},"end":{"line":54,"column":89}},"30":{"start":{"line":55,"column":44},"end":{"line":55,"column":94}},"31":{"start":{"line":57,"column":35},"end":{"line":57,"column":82}},"32":{"start":{"line":58,"column":32},"end":{"line":58,"column":76}},"33":{"start":{"line":59,"column":38},"end":{"line":59,"column":88}},"34":{"start":{"line":60,"column":39},"end":{"line":60,"column":90}},"35":{"start":{"line":62,"column":4},"end":{"line":64,"column":5}},"36":{"start":{"line":63,"column":8},"end":{"line":63,"column":56}},"37":{"start":{"line":66,"column":4},"end":{"line":77,"column":6}},"38":{"start":{"line":80,"column":0},"end":{"line":80,"column":34}}},"fnMap":{"0":{"name":"(anonymous_1)","decl":{"start":{"line":17,"column":27},"end":{"line":17,"column":32}},"loc":{"start":{"line":17,"column":78},"end":{"line":78,"column":1}}},"1":{"name":"(anonymous_2)","decl":{"start":{"line":22,"column":29},"end":{"line":22,"column":30}},"loc":{"start":{"line":22,"column":78},"end":{"line":34,"column":5}}},"2":{"name":"(anonymous_3)","decl":{"start":{"line":43,"column":25},"end":{"line":43,"column":26}},"loc":{"start":{"line":43,"column":72},"end":{"line":46,"column":5}}}},"branchMap":{"0":{"loc":{"start":{"line":25,"column":12},"end":{"line":31,"column":13}},"type":"if","locations":[{"start":{"line":25,"column":12},"end":{"line":31,"column":13}}]},"1":{"loc":{"start":{"line":27,"column":16},"end":{"line":30,"column":17}},"type":"if","locations":[{"start":{"line":27,"column":16},"end":{"line":30,"column":17}}]},"2":{"loc":{"start":{"line":45,"column":15},"end":{"line":45,"column":45}},"type":"cond-expr","locations":[{"start":{"line":45,"column":23},"end":{"line":45,"column":38}},{"start":{"line":45,"column":41},"end":{"line":45,"column":45}}]},"3":{"loc":{"start":{"line":62,"column":4},"end":{"line":64,"column":5}},"type":"if","locations":[{"start":{"line":62,"column":4},"end":{"line":64,"column":5}}]},"4":{"loc":{"start":{"line":62,"column":8},"end":{"line":62,"column":56}},"type":"binary-expr","locations":[{"start":{"line":62,"column":8},"end":{"line":62,"column":29}},{"start":{"line":62,"column":33},"end":{"line":62,"column":56}}]},"5":{"loc":{"start":{"line":69,"column":32},"end":{"line":69,"column":101}},"type":"cond-expr","locations":[{"start":{"line":69,"column":57},"end":{"line":69,"column":89}},{"start":{"line":69,"column":92},"end":{"line":69,"column":101}}]},"6":{"loc":{"start":{"line":70,"column":29},"end":{"line":70,"column":112}},"type":"cond-expr","locations":[{"start":{"line":70,"column":51},"end":{"line":70,"column":100}},{"start":{"line":70,"column":103},"end":{"line":70,"column":112}}]},"7":{"loc":{"start":{"line":71,"column":29},"end":{"line":71,"column":92}},"type":"cond-expr","locations":[{"start":{"line":71,"column":51},"end":{"line":71,"column":80}},{"start":{"line":71,"column":83},"end":{"line":71,"column":92}}]},"8":{"loc":{"start":{"line":72,"column":26},"end":{"line":72,"column":103}},"type":"cond-expr","locations":[{"start":{"line":72,"column":45},"end":{"line":72,"column":91}},{"start":{"line":72,"column":94},"end":{"line":72,"column":103}}]},"9":{"loc":{"start":{"line":73,"column":35},"end":{"line":73,"column":110}},"type":"cond-expr","locations":[{"start":{"line":73,"column":63},"end":{"line":73,"column":98}},{"start":{"line":73,"column":101},"end":{"line":73,"column":110}}]},"10":{"loc":{"start":{"line":74,"column":32},"end":{"line":74,"column":121}},"type":"cond-expr","locations":[{"start":{"line":74,"column":57},"end":{"line":74,"column":109}},{"start":{"line":74,"column":112},"end":{"line":74,"column":121}}]},"11":{"loc":{"start":{"line":75,"column":36},"end":{"line":75,"column":133}},"type":"cond-expr","locations":[{"start":{"line":75,"column":65},"end":{"line":75,"column":121}},{"start":{"line":75,"column":124},"end":{"line":75,"column":133}}]}},"s":{"0":2,"1":2,"2":2,"3":2,"4":2,"5":2,"6":2,"7":4,"8":4,"9":4,"10":8,"11":4,"12":4,"13":4,"14":4,"15":0,"16":2,"17":2,"18":2,"19":2,"20":2,"21":2,"22":14,"23":14,"24":2,"25":2,"26":2,"27":2,"28":2,"29":2,"30":2,"31":2,"32":2,"33":2,"34":2,"35":2,"36":0,"37":2,"38":2},"f":{"0":2,"1":4,"2":14},"b":{"0":[4],"1":[4],"2":[7,7],"3":[0],"4":[2,2],"5":[1,1],"6":[1,1],"7":[1,1],"8":[1,1],"9":[1,1],"10":[1,1],"11":[1,1]}}
}
