TN:
SF:src\models\billModel.ts
FN:17,(anonymous_1)
FN:22,(anonymous_2)
FN:43,(anonymous_3)
FNF:3
FNH:3
FNDA:2,(anonymous_1)
FNDA:4,(anonymous_2)
FNDA:14,(anonymous_3)
DA:1,2
DA:2,2
DA:17,2
DA:18,2
DA:19,2
DA:20,2
DA:22,2
DA:23,4
DA:24,4
DA:25,8
DA:26,4
DA:27,4
DA:28,4
DA:29,4
DA:33,0
DA:36,2
DA:37,2
DA:39,2
DA:40,2
DA:41,2
DA:43,2
DA:44,14
DA:45,14
DA:48,2
DA:49,2
DA:50,2
DA:52,2
DA:53,2
DA:54,2
DA:55,2
DA:57,2
DA:58,2
DA:59,2
DA:60,2
DA:62,2
DA:63,0
DA:66,2
DA:80,2
LF:38
LH:36
BRDA:25,0,0,4
BRDA:27,1,0,4
BRDA:45,2,0,7
BRDA:45,2,1,7
BRDA:62,3,0,0
BRDA:62,4,0,2
BRDA:62,4,1,2
BRDA:69,5,0,1
BRDA:69,5,1,1
BRDA:70,6,0,1
BRDA:70,6,1,1
BRDA:71,7,0,1
BRDA:71,7,1,1
BRDA:72,8,0,1
BRDA:72,8,1,1
BRDA:73,9,0,1
BRDA:73,9,1,1
BRDA:74,10,0,1
BRDA:74,10,1,1
BRDA:75,11,0,1
BRDA:75,11,1,1
BRF:21
BRH:20
end_of_record
